[APP_NAME_IS_UNDEFINED:192.168.101.18:0000] 2021-02-28 18:12:09.758 ERROR 14592 [] [main] o.s.boot.SpringApplication               [2m:[0;39m Application run failed

java.lang.IllegalStateException: Failed to load property source from 'file:/D:/ideaworkspace/raycloud/ray-platform/ray-wcc2/target/classes/application-local.yml' (classpath:/application-local.yml) for profile local
	at org.springframework.boot.context.config.ConfigFileApplicationListener$Loader.load(ConfigFileApplicationListener.java:564) ~[spring-boot-2.3.6.RELEASE.jar:2.3.6.RELEASE]
	at org.springframework.boot.context.config.ConfigFileApplicationListener$Loader.loadForFileExtension(ConfigFileApplicationListener.java:490) ~[spring-boot-2.3.6.RELEASE.jar:2.3.6.RELEASE]
	at org.springframework.boot.context.config.ConfigFileApplicationListener$Loader.load(ConfigFileApplicationListener.java:471) ~[spring-boot-2.3.6.RELEASE.jar:2.3.6.RELEASE]
	at org.springframework.boot.context.config.ConfigFileApplicationListener$Loader.lambda$null$7(ConfigFileApplicationListener.java:450) ~[spring-boot-2.3.6.RELEASE.jar:2.3.6.RELEASE]
	at java.lang.Iterable.forEach(Iterable.java:75) ~[na:1.8.0_271]
	at org.springframework.boot.context.config.ConfigFileApplicationListener$Loader.lambda$load$8(ConfigFileApplicationListener.java:450) ~[spring-boot-2.3.6.RELEASE.jar:2.3.6.RELEASE]
	at java.lang.Iterable.forEach(Iterable.java:75) ~[na:1.8.0_271]
	at org.springframework.boot.context.config.ConfigFileApplicationListener$Loader.load(ConfigFileApplicationListener.java:447) ~[spring-boot-2.3.6.RELEASE.jar:2.3.6.RELEASE]
	at org.springframework.boot.context.config.ConfigFileApplicationListener$Loader.lambda$load$0(ConfigFileApplicationListener.java:350) ~[spring-boot-2.3.6.RELEASE.jar:2.3.6.RELEASE]
	at org.springframework.boot.context.config.FilteredPropertySource.apply(FilteredPropertySource.java:54) ~[spring-boot-2.3.6.RELEASE.jar:2.3.6.RELEASE]
	at org.springframework.boot.context.config.ConfigFileApplicationListener$Loader.load(ConfigFileApplicationListener.java:338) ~[spring-boot-2.3.6.RELEASE.jar:2.3.6.RELEASE]
	at org.springframework.boot.context.config.ConfigFileApplicationListener.addPropertySources(ConfigFileApplicationListener.java:229) ~[spring-boot-2.3.6.RELEASE.jar:2.3.6.RELEASE]
	at org.springframework.boot.context.config.ConfigFileApplicationListener.postProcessEnvironment(ConfigFileApplicationListener.java:213) ~[spring-boot-2.3.6.RELEASE.jar:2.3.6.RELEASE]
	at org.springframework.boot.context.config.ConfigFileApplicationListener.onApplicationEnvironmentPreparedEvent(ConfigFileApplicationListener.java:203) ~[spring-boot-2.3.6.RELEASE.jar:2.3.6.RELEASE]
	at org.springframework.boot.context.config.ConfigFileApplicationListener.onApplicationEvent(ConfigFileApplicationListener.java:191) ~[spring-boot-2.3.6.RELEASE.jar:2.3.6.RELEASE]
	at org.springframework.context.event.SimpleApplicationEventMulticaster.doInvokeListener(SimpleApplicationEventMulticaster.java:172) ~[spring-context-5.2.11.RELEASE.jar:5.2.11.RELEASE]
	at org.springframework.context.event.SimpleApplicationEventMulticaster.invokeListener(SimpleApplicationEventMulticaster.java:165) ~[spring-context-5.2.11.RELEASE.jar:5.2.11.RELEASE]
	at org.springframework.context.event.SimpleApplicationEventMulticaster.multicastEvent(SimpleApplicationEventMulticaster.java:139) ~[spring-context-5.2.11.RELEASE.jar:5.2.11.RELEASE]
	at org.springframework.context.event.SimpleApplicationEventMulticaster.multicastEvent(SimpleApplicationEventMulticaster.java:127) ~[spring-context-5.2.11.RELEASE.jar:5.2.11.RELEASE]
	at org.springframework.boot.context.event.EventPublishingRunListener.environmentPrepared(EventPublishingRunListener.java:80) ~[spring-boot-2.3.6.RELEASE.jar:2.3.6.RELEASE]
	at org.springframework.boot.SpringApplicationRunListeners.environmentPrepared(SpringApplicationRunListeners.java:53) ~[spring-boot-2.3.6.RELEASE.jar:2.3.6.RELEASE]
	at org.springframework.boot.SpringApplication.prepareEnvironment(SpringApplication.java:345) [spring-boot-2.3.6.RELEASE.jar:2.3.6.RELEASE]
	at org.springframework.boot.SpringApplication.run(SpringApplication.java:308) [spring-boot-2.3.6.RELEASE.jar:2.3.6.RELEASE]
	at org.springframework.boot.SpringApplication.run(SpringApplication.java:1237) [spring-boot-2.3.6.RELEASE.jar:2.3.6.RELEASE]
	at org.springframework.boot.SpringApplication.run(SpringApplication.java:1226) [spring-boot-2.3.6.RELEASE.jar:2.3.6.RELEASE]
	at hqsc.ray.wcc2.RayWcc2SystemServer.main(RayWcc2SystemServer.java:25) [classes/:na]
Caused by: org.yaml.snakeyaml.scanner.ScannerException: mapping values are not allowed here
 in 'reader', line 24, column 18:
              hbm2ddl:
                     ^

	at org.yaml.snakeyaml.scanner.ScannerImpl.fetchValue(ScannerImpl.java:870) ~[snakeyaml-1.26.jar:na]
	at org.yaml.snakeyaml.scanner.ScannerImpl.fetchMoreTokens(ScannerImpl.java:358) ~[snakeyaml-1.26.jar:na]
	at org.yaml.snakeyaml.scanner.ScannerImpl.checkToken(ScannerImpl.java:227) ~[snakeyaml-1.26.jar:na]
	at org.yaml.snakeyaml.parser.ParserImpl$ParseBlockMappingKey.produce(ParserImpl.java:558) ~[snakeyaml-1.26.jar:na]
	at org.yaml.snakeyaml.parser.ParserImpl.peekEvent(ParserImpl.java:158) ~[snakeyaml-1.26.jar:na]
	at org.yaml.snakeyaml.parser.ParserImpl.checkEvent(ParserImpl.java:148) ~[snakeyaml-1.26.jar:na]
	at org.yaml.snakeyaml.composer.Composer.composeMappingNode(Composer.java:235) ~[snakeyaml-1.26.jar:na]
	at org.yaml.snakeyaml.composer.Composer.composeNode(Composer.java:162) ~[snakeyaml-1.26.jar:na]
	at org.yaml.snakeyaml.composer.Composer.composeValueNode(Composer.java:257) ~[snakeyaml-1.26.jar:na]
	at org.yaml.snakeyaml.composer.Composer.composeMappingChildren(Composer.java:248) ~[snakeyaml-1.26.jar:na]
	at org.yaml.snakeyaml.composer.Composer.composeMappingNode(Composer.java:236) ~[snakeyaml-1.26.jar:na]
	at org.yaml.snakeyaml.composer.Composer.composeNode(Composer.java:162) ~[snakeyaml-1.26.jar:na]
	at org.yaml.snakeyaml.composer.Composer.composeValueNode(Composer.java:257) ~[snakeyaml-1.26.jar:na]
	at org.yaml.snakeyaml.composer.Composer.composeMappingChildren(Composer.java:248) ~[snakeyaml-1.26.jar:na]
	at org.yaml.snakeyaml.composer.Composer.composeMappingNode(Composer.java:236) ~[snakeyaml-1.26.jar:na]
	at org.yaml.snakeyaml.composer.Composer.composeNode(Composer.java:162) ~[snakeyaml-1.26.jar:na]
	at org.yaml.snakeyaml.composer.Composer.composeValueNode(Composer.java:257) ~[snakeyaml-1.26.jar:na]
	at org.yaml.snakeyaml.composer.Composer.composeMappingChildren(Composer.java:248) ~[snakeyaml-1.26.jar:na]
	at org.yaml.snakeyaml.composer.Composer.composeMappingNode(Composer.java:236) ~[snakeyaml-1.26.jar:na]
	at org.yaml.snakeyaml.composer.Composer.composeNode(Composer.java:162) ~[snakeyaml-1.26.jar:na]
	at org.yaml.snakeyaml.composer.Composer.composeValueNode(Composer.java:257) ~[snakeyaml-1.26.jar:na]
	at org.yaml.snakeyaml.composer.Composer.composeMappingChildren(Composer.java:248) ~[snakeyaml-1.26.jar:na]
	at org.yaml.snakeyaml.composer.Composer.composeMappingNode(Composer.java:236) ~[snakeyaml-1.26.jar:na]
	at org.yaml.snakeyaml.composer.Composer.composeNode(Composer.java:162) ~[snakeyaml-1.26.jar:na]
	at org.yaml.snakeyaml.composer.Composer.getNode(Composer.java:95) ~[snakeyaml-1.26.jar:na]
	at org.yaml.snakeyaml.constructor.BaseConstructor.getData(BaseConstructor.java:134) ~[snakeyaml-1.26.jar:na]
	at org.yaml.snakeyaml.Yaml$1.next(Yaml.java:494) ~[snakeyaml-1.26.jar:na]
	at org.springframework.beans.factory.config.YamlProcessor.process(YamlProcessor.java:200) ~[spring-beans-5.2.11.RELEASE.jar:5.2.11.RELEASE]
	at org.springframework.beans.factory.config.YamlProcessor.process(YamlProcessor.java:164) ~[spring-beans-5.2.11.RELEASE.jar:5.2.11.RELEASE]
	at org.springframework.boot.env.OriginTrackedYamlLoader.load(OriginTrackedYamlLoader.java:82) ~[spring-boot-2.3.6.RELEASE.jar:2.3.6.RELEASE]
	at org.springframework.boot.env.YamlPropertySourceLoader.load(YamlPropertySourceLoader.java:50) ~[spring-boot-2.3.6.RELEASE.jar:2.3.6.RELEASE]
	at org.springframework.boot.context.config.ConfigFileApplicationListener$Loader.loadDocuments(ConfigFileApplicationListener.java:632) ~[spring-boot-2.3.6.RELEASE.jar:2.3.6.RELEASE]
	at org.springframework.boot.context.config.ConfigFileApplicationListener$Loader.load(ConfigFileApplicationListener.java:534) ~[spring-boot-2.3.6.RELEASE.jar:2.3.6.RELEASE]
	... 25 common frames omitted

[APP_NAME_IS_UNDEFINED:192.168.101.18:0000] 2021-02-28 18:12:40.330 ERROR 22048 [] [main] o.s.boot.SpringApplication               [2m:[0;39m Application run failed

java.lang.IllegalStateException: Failed to load property source from 'file:/D:/ideaworkspace/raycloud/ray-platform/ray-wcc2/target/classes/application-local.yml' (classpath:/application-local.yml) for profile local
	at org.springframework.boot.context.config.ConfigFileApplicationListener$Loader.load(ConfigFileApplicationListener.java:564) ~[spring-boot-2.3.6.RELEASE.jar:2.3.6.RELEASE]
	at org.springframework.boot.context.config.ConfigFileApplicationListener$Loader.loadForFileExtension(ConfigFileApplicationListener.java:490) ~[spring-boot-2.3.6.RELEASE.jar:2.3.6.RELEASE]
	at org.springframework.boot.context.config.ConfigFileApplicationListener$Loader.load(ConfigFileApplicationListener.java:471) ~[spring-boot-2.3.6.RELEASE.jar:2.3.6.RELEASE]
	at org.springframework.boot.context.config.ConfigFileApplicationListener$Loader.lambda$null$7(ConfigFileApplicationListener.java:450) ~[spring-boot-2.3.6.RELEASE.jar:2.3.6.RELEASE]
	at java.lang.Iterable.forEach(Iterable.java:75) ~[na:1.8.0_271]
	at org.springframework.boot.context.config.ConfigFileApplicationListener$Loader.lambda$load$8(ConfigFileApplicationListener.java:450) ~[spring-boot-2.3.6.RELEASE.jar:2.3.6.RELEASE]
	at java.lang.Iterable.forEach(Iterable.java:75) ~[na:1.8.0_271]
	at org.springframework.boot.context.config.ConfigFileApplicationListener$Loader.load(ConfigFileApplicationListener.java:447) ~[spring-boot-2.3.6.RELEASE.jar:2.3.6.RELEASE]
	at org.springframework.boot.context.config.ConfigFileApplicationListener$Loader.lambda$load$0(ConfigFileApplicationListener.java:350) ~[spring-boot-2.3.6.RELEASE.jar:2.3.6.RELEASE]
	at org.springframework.boot.context.config.FilteredPropertySource.apply(FilteredPropertySource.java:54) ~[spring-boot-2.3.6.RELEASE.jar:2.3.6.RELEASE]
	at org.springframework.boot.context.config.ConfigFileApplicationListener$Loader.load(ConfigFileApplicationListener.java:338) ~[spring-boot-2.3.6.RELEASE.jar:2.3.6.RELEASE]
	at org.springframework.boot.context.config.ConfigFileApplicationListener.addPropertySources(ConfigFileApplicationListener.java:229) ~[spring-boot-2.3.6.RELEASE.jar:2.3.6.RELEASE]
	at org.springframework.boot.context.config.ConfigFileApplicationListener.postProcessEnvironment(ConfigFileApplicationListener.java:213) ~[spring-boot-2.3.6.RELEASE.jar:2.3.6.RELEASE]
	at org.springframework.boot.context.config.ConfigFileApplicationListener.onApplicationEnvironmentPreparedEvent(ConfigFileApplicationListener.java:203) ~[spring-boot-2.3.6.RELEASE.jar:2.3.6.RELEASE]
	at org.springframework.boot.context.config.ConfigFileApplicationListener.onApplicationEvent(ConfigFileApplicationListener.java:191) ~[spring-boot-2.3.6.RELEASE.jar:2.3.6.RELEASE]
	at org.springframework.context.event.SimpleApplicationEventMulticaster.doInvokeListener(SimpleApplicationEventMulticaster.java:172) ~[spring-context-5.2.11.RELEASE.jar:5.2.11.RELEASE]
	at org.springframework.context.event.SimpleApplicationEventMulticaster.invokeListener(SimpleApplicationEventMulticaster.java:165) ~[spring-context-5.2.11.RELEASE.jar:5.2.11.RELEASE]
	at org.springframework.context.event.SimpleApplicationEventMulticaster.multicastEvent(SimpleApplicationEventMulticaster.java:139) ~[spring-context-5.2.11.RELEASE.jar:5.2.11.RELEASE]
	at org.springframework.context.event.SimpleApplicationEventMulticaster.multicastEvent(SimpleApplicationEventMulticaster.java:127) ~[spring-context-5.2.11.RELEASE.jar:5.2.11.RELEASE]
	at org.springframework.boot.context.event.EventPublishingRunListener.environmentPrepared(EventPublishingRunListener.java:80) ~[spring-boot-2.3.6.RELEASE.jar:2.3.6.RELEASE]
	at org.springframework.boot.SpringApplicationRunListeners.environmentPrepared(SpringApplicationRunListeners.java:53) ~[spring-boot-2.3.6.RELEASE.jar:2.3.6.RELEASE]
	at org.springframework.boot.SpringApplication.prepareEnvironment(SpringApplication.java:345) [spring-boot-2.3.6.RELEASE.jar:2.3.6.RELEASE]
	at org.springframework.boot.SpringApplication.run(SpringApplication.java:308) [spring-boot-2.3.6.RELEASE.jar:2.3.6.RELEASE]
	at org.springframework.boot.SpringApplication.run(SpringApplication.java:1237) [spring-boot-2.3.6.RELEASE.jar:2.3.6.RELEASE]
	at org.springframework.boot.SpringApplication.run(SpringApplication.java:1226) [spring-boot-2.3.6.RELEASE.jar:2.3.6.RELEASE]
	at hqsc.ray.wcc2.RayWcc2SystemServer.main(RayWcc2SystemServer.java:25) [classes/:na]
Caused by: org.yaml.snakeyaml.scanner.ScannerException: mapping values are not allowed here
 in 'reader', line 24, column 18:
              hbm2ddl:
                     ^

	at org.yaml.snakeyaml.scanner.ScannerImpl.fetchValue(ScannerImpl.java:870) ~[snakeyaml-1.26.jar:na]
	at org.yaml.snakeyaml.scanner.ScannerImpl.fetchMoreTokens(ScannerImpl.java:358) ~[snakeyaml-1.26.jar:na]
	at org.yaml.snakeyaml.scanner.ScannerImpl.checkToken(ScannerImpl.java:227) ~[snakeyaml-1.26.jar:na]
	at org.yaml.snakeyaml.parser.ParserImpl$ParseBlockMappingKey.produce(ParserImpl.java:558) ~[snakeyaml-1.26.jar:na]
	at org.yaml.snakeyaml.parser.ParserImpl.peekEvent(ParserImpl.java:158) ~[snakeyaml-1.26.jar:na]
	at org.yaml.snakeyaml.parser.ParserImpl.checkEvent(ParserImpl.java:148) ~[snakeyaml-1.26.jar:na]
	at org.yaml.snakeyaml.composer.Composer.composeMappingNode(Composer.java:235) ~[snakeyaml-1.26.jar:na]
	at org.yaml.snakeyaml.composer.Composer.composeNode(Composer.java:162) ~[snakeyaml-1.26.jar:na]
	at org.yaml.snakeyaml.composer.Composer.composeValueNode(Composer.java:257) ~[snakeyaml-1.26.jar:na]
	at org.yaml.snakeyaml.composer.Composer.composeMappingChildren(Composer.java:248) ~[snakeyaml-1.26.jar:na]
	at org.yaml.snakeyaml.composer.Composer.composeMappingNode(Composer.java:236) ~[snakeyaml-1.26.jar:na]
	at org.yaml.snakeyaml.composer.Composer.composeNode(Composer.java:162) ~[snakeyaml-1.26.jar:na]
	at org.yaml.snakeyaml.composer.Composer.composeValueNode(Composer.java:257) ~[snakeyaml-1.26.jar:na]
	at org.yaml.snakeyaml.composer.Composer.composeMappingChildren(Composer.java:248) ~[snakeyaml-1.26.jar:na]
	at org.yaml.snakeyaml.composer.Composer.composeMappingNode(Composer.java:236) ~[snakeyaml-1.26.jar:na]
	at org.yaml.snakeyaml.composer.Composer.composeNode(Composer.java:162) ~[snakeyaml-1.26.jar:na]
	at org.yaml.snakeyaml.composer.Composer.composeValueNode(Composer.java:257) ~[snakeyaml-1.26.jar:na]
	at org.yaml.snakeyaml.composer.Composer.composeMappingChildren(Composer.java:248) ~[snakeyaml-1.26.jar:na]
	at org.yaml.snakeyaml.composer.Composer.composeMappingNode(Composer.java:236) ~[snakeyaml-1.26.jar:na]
	at org.yaml.snakeyaml.composer.Composer.composeNode(Composer.java:162) ~[snakeyaml-1.26.jar:na]
	at org.yaml.snakeyaml.composer.Composer.composeValueNode(Composer.java:257) ~[snakeyaml-1.26.jar:na]
	at org.yaml.snakeyaml.composer.Composer.composeMappingChildren(Composer.java:248) ~[snakeyaml-1.26.jar:na]
	at org.yaml.snakeyaml.composer.Composer.composeMappingNode(Composer.java:236) ~[snakeyaml-1.26.jar:na]
	at org.yaml.snakeyaml.composer.Composer.composeNode(Composer.java:162) ~[snakeyaml-1.26.jar:na]
	at org.yaml.snakeyaml.composer.Composer.getNode(Composer.java:95) ~[snakeyaml-1.26.jar:na]
	at org.yaml.snakeyaml.constructor.BaseConstructor.getData(BaseConstructor.java:134) ~[snakeyaml-1.26.jar:na]
	at org.yaml.snakeyaml.Yaml$1.next(Yaml.java:494) ~[snakeyaml-1.26.jar:na]
	at org.springframework.beans.factory.config.YamlProcessor.process(YamlProcessor.java:200) ~[spring-beans-5.2.11.RELEASE.jar:5.2.11.RELEASE]
	at org.springframework.beans.factory.config.YamlProcessor.process(YamlProcessor.java:164) ~[spring-beans-5.2.11.RELEASE.jar:5.2.11.RELEASE]
	at org.springframework.boot.env.OriginTrackedYamlLoader.load(OriginTrackedYamlLoader.java:82) ~[spring-boot-2.3.6.RELEASE.jar:2.3.6.RELEASE]
	at org.springframework.boot.env.YamlPropertySourceLoader.load(YamlPropertySourceLoader.java:50) ~[spring-boot-2.3.6.RELEASE.jar:2.3.6.RELEASE]
	at org.springframework.boot.context.config.ConfigFileApplicationListener$Loader.loadDocuments(ConfigFileApplicationListener.java:632) ~[spring-boot-2.3.6.RELEASE.jar:2.3.6.RELEASE]
	at org.springframework.boot.context.config.ConfigFileApplicationListener$Loader.load(ConfigFileApplicationListener.java:534) ~[spring-boot-2.3.6.RELEASE.jar:2.3.6.RELEASE]
	... 25 common frames omitted

[APP_NAME_IS_UNDEFINED:192.168.101.18:0000] 2021-02-28 18:13:16.937 ERROR 1460 [] [main] o.s.boot.SpringApplication               [2m:[0;39m Application run failed

java.lang.IllegalStateException: Failed to load property source from 'file:/D:/ideaworkspace/raycloud/ray-platform/ray-wcc2/target/classes/application-local.yml' (classpath:/application-local.yml) for profile local
	at org.springframework.boot.context.config.ConfigFileApplicationListener$Loader.load(ConfigFileApplicationListener.java:564) ~[spring-boot-2.3.6.RELEASE.jar:2.3.6.RELEASE]
	at org.springframework.boot.context.config.ConfigFileApplicationListener$Loader.loadForFileExtension(ConfigFileApplicationListener.java:490) ~[spring-boot-2.3.6.RELEASE.jar:2.3.6.RELEASE]
	at org.springframework.boot.context.config.ConfigFileApplicationListener$Loader.load(ConfigFileApplicationListener.java:471) ~[spring-boot-2.3.6.RELEASE.jar:2.3.6.RELEASE]
	at org.springframework.boot.context.config.ConfigFileApplicationListener$Loader.lambda$null$7(ConfigFileApplicationListener.java:450) ~[spring-boot-2.3.6.RELEASE.jar:2.3.6.RELEASE]
	at java.lang.Iterable.forEach(Iterable.java:75) ~[na:1.8.0_271]
	at org.springframework.boot.context.config.ConfigFileApplicationListener$Loader.lambda$load$8(ConfigFileApplicationListener.java:450) ~[spring-boot-2.3.6.RELEASE.jar:2.3.6.RELEASE]
	at java.lang.Iterable.forEach(Iterable.java:75) ~[na:1.8.0_271]
	at org.springframework.boot.context.config.ConfigFileApplicationListener$Loader.load(ConfigFileApplicationListener.java:447) ~[spring-boot-2.3.6.RELEASE.jar:2.3.6.RELEASE]
	at org.springframework.boot.context.config.ConfigFileApplicationListener$Loader.lambda$load$0(ConfigFileApplicationListener.java:350) ~[spring-boot-2.3.6.RELEASE.jar:2.3.6.RELEASE]
	at org.springframework.boot.context.config.FilteredPropertySource.apply(FilteredPropertySource.java:54) ~[spring-boot-2.3.6.RELEASE.jar:2.3.6.RELEASE]
	at org.springframework.boot.context.config.ConfigFileApplicationListener$Loader.load(ConfigFileApplicationListener.java:338) ~[spring-boot-2.3.6.RELEASE.jar:2.3.6.RELEASE]
	at org.springframework.boot.context.config.ConfigFileApplicationListener.addPropertySources(ConfigFileApplicationListener.java:229) ~[spring-boot-2.3.6.RELEASE.jar:2.3.6.RELEASE]
	at org.springframework.boot.context.config.ConfigFileApplicationListener.postProcessEnvironment(ConfigFileApplicationListener.java:213) ~[spring-boot-2.3.6.RELEASE.jar:2.3.6.RELEASE]
	at org.springframework.boot.context.config.ConfigFileApplicationListener.onApplicationEnvironmentPreparedEvent(ConfigFileApplicationListener.java:203) ~[spring-boot-2.3.6.RELEASE.jar:2.3.6.RELEASE]
	at org.springframework.boot.context.config.ConfigFileApplicationListener.onApplicationEvent(ConfigFileApplicationListener.java:191) ~[spring-boot-2.3.6.RELEASE.jar:2.3.6.RELEASE]
	at org.springframework.context.event.SimpleApplicationEventMulticaster.doInvokeListener(SimpleApplicationEventMulticaster.java:172) ~[spring-context-5.2.11.RELEASE.jar:5.2.11.RELEASE]
	at org.springframework.context.event.SimpleApplicationEventMulticaster.invokeListener(SimpleApplicationEventMulticaster.java:165) ~[spring-context-5.2.11.RELEASE.jar:5.2.11.RELEASE]
	at org.springframework.context.event.SimpleApplicationEventMulticaster.multicastEvent(SimpleApplicationEventMulticaster.java:139) ~[spring-context-5.2.11.RELEASE.jar:5.2.11.RELEASE]
	at org.springframework.context.event.SimpleApplicationEventMulticaster.multicastEvent(SimpleApplicationEventMulticaster.java:127) ~[spring-context-5.2.11.RELEASE.jar:5.2.11.RELEASE]
	at org.springframework.boot.context.event.EventPublishingRunListener.environmentPrepared(EventPublishingRunListener.java:80) ~[spring-boot-2.3.6.RELEASE.jar:2.3.6.RELEASE]
	at org.springframework.boot.SpringApplicationRunListeners.environmentPrepared(SpringApplicationRunListeners.java:53) ~[spring-boot-2.3.6.RELEASE.jar:2.3.6.RELEASE]
	at org.springframework.boot.SpringApplication.prepareEnvironment(SpringApplication.java:345) [spring-boot-2.3.6.RELEASE.jar:2.3.6.RELEASE]
	at org.springframework.boot.SpringApplication.run(SpringApplication.java:308) [spring-boot-2.3.6.RELEASE.jar:2.3.6.RELEASE]
	at org.springframework.boot.SpringApplication.run(SpringApplication.java:1237) [spring-boot-2.3.6.RELEASE.jar:2.3.6.RELEASE]
	at org.springframework.boot.SpringApplication.run(SpringApplication.java:1226) [spring-boot-2.3.6.RELEASE.jar:2.3.6.RELEASE]
	at hqsc.ray.wcc2.RayWcc2SystemServer.main(RayWcc2SystemServer.java:25) [classes/:na]
Caused by: org.yaml.snakeyaml.scanner.ScannerException: mapping values are not allowed here
 in 'reader', line 24, column 18:
              hbm2ddl:
                     ^

	at org.yaml.snakeyaml.scanner.ScannerImpl.fetchValue(ScannerImpl.java:870) ~[snakeyaml-1.26.jar:na]
	at org.yaml.snakeyaml.scanner.ScannerImpl.fetchMoreTokens(ScannerImpl.java:358) ~[snakeyaml-1.26.jar:na]
	at org.yaml.snakeyaml.scanner.ScannerImpl.checkToken(ScannerImpl.java:227) ~[snakeyaml-1.26.jar:na]
	at org.yaml.snakeyaml.parser.ParserImpl$ParseBlockMappingKey.produce(ParserImpl.java:558) ~[snakeyaml-1.26.jar:na]
	at org.yaml.snakeyaml.parser.ParserImpl.peekEvent(ParserImpl.java:158) ~[snakeyaml-1.26.jar:na]
	at org.yaml.snakeyaml.parser.ParserImpl.checkEvent(ParserImpl.java:148) ~[snakeyaml-1.26.jar:na]
	at org.yaml.snakeyaml.composer.Composer.composeMappingNode(Composer.java:235) ~[snakeyaml-1.26.jar:na]
	at org.yaml.snakeyaml.composer.Composer.composeNode(Composer.java:162) ~[snakeyaml-1.26.jar:na]
	at org.yaml.snakeyaml.composer.Composer.composeValueNode(Composer.java:257) ~[snakeyaml-1.26.jar:na]
	at org.yaml.snakeyaml.composer.Composer.composeMappingChildren(Composer.java:248) ~[snakeyaml-1.26.jar:na]
	at org.yaml.snakeyaml.composer.Composer.composeMappingNode(Composer.java:236) ~[snakeyaml-1.26.jar:na]
	at org.yaml.snakeyaml.composer.Composer.composeNode(Composer.java:162) ~[snakeyaml-1.26.jar:na]
	at org.yaml.snakeyaml.composer.Composer.composeValueNode(Composer.java:257) ~[snakeyaml-1.26.jar:na]
	at org.yaml.snakeyaml.composer.Composer.composeMappingChildren(Composer.java:248) ~[snakeyaml-1.26.jar:na]
	at org.yaml.snakeyaml.composer.Composer.composeMappingNode(Composer.java:236) ~[snakeyaml-1.26.jar:na]
	at org.yaml.snakeyaml.composer.Composer.composeNode(Composer.java:162) ~[snakeyaml-1.26.jar:na]
	at org.yaml.snakeyaml.composer.Composer.composeValueNode(Composer.java:257) ~[snakeyaml-1.26.jar:na]
	at org.yaml.snakeyaml.composer.Composer.composeMappingChildren(Composer.java:248) ~[snakeyaml-1.26.jar:na]
	at org.yaml.snakeyaml.composer.Composer.composeMappingNode(Composer.java:236) ~[snakeyaml-1.26.jar:na]
	at org.yaml.snakeyaml.composer.Composer.composeNode(Composer.java:162) ~[snakeyaml-1.26.jar:na]
	at org.yaml.snakeyaml.composer.Composer.composeValueNode(Composer.java:257) ~[snakeyaml-1.26.jar:na]
	at org.yaml.snakeyaml.composer.Composer.composeMappingChildren(Composer.java:248) ~[snakeyaml-1.26.jar:na]
	at org.yaml.snakeyaml.composer.Composer.composeMappingNode(Composer.java:236) ~[snakeyaml-1.26.jar:na]
	at org.yaml.snakeyaml.composer.Composer.composeNode(Composer.java:162) ~[snakeyaml-1.26.jar:na]
	at org.yaml.snakeyaml.composer.Composer.getNode(Composer.java:95) ~[snakeyaml-1.26.jar:na]
	at org.yaml.snakeyaml.constructor.BaseConstructor.getData(BaseConstructor.java:134) ~[snakeyaml-1.26.jar:na]
	at org.yaml.snakeyaml.Yaml$1.next(Yaml.java:494) ~[snakeyaml-1.26.jar:na]
	at org.springframework.beans.factory.config.YamlProcessor.process(YamlProcessor.java:200) ~[spring-beans-5.2.11.RELEASE.jar:5.2.11.RELEASE]
	at org.springframework.beans.factory.config.YamlProcessor.process(YamlProcessor.java:164) ~[spring-beans-5.2.11.RELEASE.jar:5.2.11.RELEASE]
	at org.springframework.boot.env.OriginTrackedYamlLoader.load(OriginTrackedYamlLoader.java:82) ~[spring-boot-2.3.6.RELEASE.jar:2.3.6.RELEASE]
	at org.springframework.boot.env.YamlPropertySourceLoader.load(YamlPropertySourceLoader.java:50) ~[spring-boot-2.3.6.RELEASE.jar:2.3.6.RELEASE]
	at org.springframework.boot.context.config.ConfigFileApplicationListener$Loader.loadDocuments(ConfigFileApplicationListener.java:632) ~[spring-boot-2.3.6.RELEASE.jar:2.3.6.RELEASE]
	at org.springframework.boot.context.config.ConfigFileApplicationListener$Loader.load(ConfigFileApplicationListener.java:534) ~[spring-boot-2.3.6.RELEASE.jar:2.3.6.RELEASE]
	... 25 common frames omitted

[APP_NAME_IS_UNDEFINED:192.168.101.18:0000] 2021-02-28 18:14:48.560 ERROR 16464 [] [main] o.s.boot.SpringApplication               [2m:[0;39m Application run failed

java.lang.IllegalStateException: Failed to load property source from 'file:/D:/ideaworkspace/raycloud/ray-platform/ray-wcc2/target/classes/application-local.yml' (classpath:/application-local.yml) for profile local
	at org.springframework.boot.context.config.ConfigFileApplicationListener$Loader.load(ConfigFileApplicationListener.java:564) ~[spring-boot-2.3.6.RELEASE.jar:2.3.6.RELEASE]
	at org.springframework.boot.context.config.ConfigFileApplicationListener$Loader.loadForFileExtension(ConfigFileApplicationListener.java:490) ~[spring-boot-2.3.6.RELEASE.jar:2.3.6.RELEASE]
	at org.springframework.boot.context.config.ConfigFileApplicationListener$Loader.load(ConfigFileApplicationListener.java:471) ~[spring-boot-2.3.6.RELEASE.jar:2.3.6.RELEASE]
	at org.springframework.boot.context.config.ConfigFileApplicationListener$Loader.lambda$null$7(ConfigFileApplicationListener.java:450) ~[spring-boot-2.3.6.RELEASE.jar:2.3.6.RELEASE]
	at java.lang.Iterable.forEach(Iterable.java:75) ~[na:1.8.0_271]
	at org.springframework.boot.context.config.ConfigFileApplicationListener$Loader.lambda$load$8(ConfigFileApplicationListener.java:450) ~[spring-boot-2.3.6.RELEASE.jar:2.3.6.RELEASE]
	at java.lang.Iterable.forEach(Iterable.java:75) ~[na:1.8.0_271]
	at org.springframework.boot.context.config.ConfigFileApplicationListener$Loader.load(ConfigFileApplicationListener.java:447) ~[spring-boot-2.3.6.RELEASE.jar:2.3.6.RELEASE]
	at org.springframework.boot.context.config.ConfigFileApplicationListener$Loader.lambda$load$0(ConfigFileApplicationListener.java:350) ~[spring-boot-2.3.6.RELEASE.jar:2.3.6.RELEASE]
	at org.springframework.boot.context.config.FilteredPropertySource.apply(FilteredPropertySource.java:54) ~[spring-boot-2.3.6.RELEASE.jar:2.3.6.RELEASE]
	at org.springframework.boot.context.config.ConfigFileApplicationListener$Loader.load(ConfigFileApplicationListener.java:338) ~[spring-boot-2.3.6.RELEASE.jar:2.3.6.RELEASE]
	at org.springframework.boot.context.config.ConfigFileApplicationListener.addPropertySources(ConfigFileApplicationListener.java:229) ~[spring-boot-2.3.6.RELEASE.jar:2.3.6.RELEASE]
	at org.springframework.boot.context.config.ConfigFileApplicationListener.postProcessEnvironment(ConfigFileApplicationListener.java:213) ~[spring-boot-2.3.6.RELEASE.jar:2.3.6.RELEASE]
	at org.springframework.boot.context.config.ConfigFileApplicationListener.onApplicationEnvironmentPreparedEvent(ConfigFileApplicationListener.java:203) ~[spring-boot-2.3.6.RELEASE.jar:2.3.6.RELEASE]
	at org.springframework.boot.context.config.ConfigFileApplicationListener.onApplicationEvent(ConfigFileApplicationListener.java:191) ~[spring-boot-2.3.6.RELEASE.jar:2.3.6.RELEASE]
	at org.springframework.context.event.SimpleApplicationEventMulticaster.doInvokeListener(SimpleApplicationEventMulticaster.java:172) ~[spring-context-5.2.11.RELEASE.jar:5.2.11.RELEASE]
	at org.springframework.context.event.SimpleApplicationEventMulticaster.invokeListener(SimpleApplicationEventMulticaster.java:165) ~[spring-context-5.2.11.RELEASE.jar:5.2.11.RELEASE]
	at org.springframework.context.event.SimpleApplicationEventMulticaster.multicastEvent(SimpleApplicationEventMulticaster.java:139) ~[spring-context-5.2.11.RELEASE.jar:5.2.11.RELEASE]
	at org.springframework.context.event.SimpleApplicationEventMulticaster.multicastEvent(SimpleApplicationEventMulticaster.java:127) ~[spring-context-5.2.11.RELEASE.jar:5.2.11.RELEASE]
	at org.springframework.boot.context.event.EventPublishingRunListener.environmentPrepared(EventPublishingRunListener.java:80) ~[spring-boot-2.3.6.RELEASE.jar:2.3.6.RELEASE]
	at org.springframework.boot.SpringApplicationRunListeners.environmentPrepared(SpringApplicationRunListeners.java:53) ~[spring-boot-2.3.6.RELEASE.jar:2.3.6.RELEASE]
	at org.springframework.boot.SpringApplication.prepareEnvironment(SpringApplication.java:345) [spring-boot-2.3.6.RELEASE.jar:2.3.6.RELEASE]
	at org.springframework.boot.SpringApplication.run(SpringApplication.java:308) [spring-boot-2.3.6.RELEASE.jar:2.3.6.RELEASE]
	at org.springframework.boot.SpringApplication.run(SpringApplication.java:1237) [spring-boot-2.3.6.RELEASE.jar:2.3.6.RELEASE]
	at org.springframework.boot.SpringApplication.run(SpringApplication.java:1226) [spring-boot-2.3.6.RELEASE.jar:2.3.6.RELEASE]
	at hqsc.ray.wcc2.RayWcc2SystemServer.main(RayWcc2SystemServer.java:25) [classes/:na]
Caused by: org.yaml.snakeyaml.scanner.ScannerException: mapping values are not allowed here
 in 'reader', line 24, column 18:
              hbm2ddl:
                     ^

	at org.yaml.snakeyaml.scanner.ScannerImpl.fetchValue(ScannerImpl.java:870) ~[snakeyaml-1.26.jar:na]
	at org.yaml.snakeyaml.scanner.ScannerImpl.fetchMoreTokens(ScannerImpl.java:358) ~[snakeyaml-1.26.jar:na]
	at org.yaml.snakeyaml.scanner.ScannerImpl.checkToken(ScannerImpl.java:227) ~[snakeyaml-1.26.jar:na]
	at org.yaml.snakeyaml.parser.ParserImpl$ParseBlockMappingKey.produce(ParserImpl.java:558) ~[snakeyaml-1.26.jar:na]
	at org.yaml.snakeyaml.parser.ParserImpl.peekEvent(ParserImpl.java:158) ~[snakeyaml-1.26.jar:na]
	at org.yaml.snakeyaml.parser.ParserImpl.checkEvent(ParserImpl.java:148) ~[snakeyaml-1.26.jar:na]
	at org.yaml.snakeyaml.composer.Composer.composeMappingNode(Composer.java:235) ~[snakeyaml-1.26.jar:na]
	at org.yaml.snakeyaml.composer.Composer.composeNode(Composer.java:162) ~[snakeyaml-1.26.jar:na]
	at org.yaml.snakeyaml.composer.Composer.composeValueNode(Composer.java:257) ~[snakeyaml-1.26.jar:na]
	at org.yaml.snakeyaml.composer.Composer.composeMappingChildren(Composer.java:248) ~[snakeyaml-1.26.jar:na]
	at org.yaml.snakeyaml.composer.Composer.composeMappingNode(Composer.java:236) ~[snakeyaml-1.26.jar:na]
	at org.yaml.snakeyaml.composer.Composer.composeNode(Composer.java:162) ~[snakeyaml-1.26.jar:na]
	at org.yaml.snakeyaml.composer.Composer.composeValueNode(Composer.java:257) ~[snakeyaml-1.26.jar:na]
	at org.yaml.snakeyaml.composer.Composer.composeMappingChildren(Composer.java:248) ~[snakeyaml-1.26.jar:na]
	at org.yaml.snakeyaml.composer.Composer.composeMappingNode(Composer.java:236) ~[snakeyaml-1.26.jar:na]
	at org.yaml.snakeyaml.composer.Composer.composeNode(Composer.java:162) ~[snakeyaml-1.26.jar:na]
	at org.yaml.snakeyaml.composer.Composer.composeValueNode(Composer.java:257) ~[snakeyaml-1.26.jar:na]
	at org.yaml.snakeyaml.composer.Composer.composeMappingChildren(Composer.java:248) ~[snakeyaml-1.26.jar:na]
	at org.yaml.snakeyaml.composer.Composer.composeMappingNode(Composer.java:236) ~[snakeyaml-1.26.jar:na]
	at org.yaml.snakeyaml.composer.Composer.composeNode(Composer.java:162) ~[snakeyaml-1.26.jar:na]
	at org.yaml.snakeyaml.composer.Composer.composeValueNode(Composer.java:257) ~[snakeyaml-1.26.jar:na]
	at org.yaml.snakeyaml.composer.Composer.composeMappingChildren(Composer.java:248) ~[snakeyaml-1.26.jar:na]
	at org.yaml.snakeyaml.composer.Composer.composeMappingNode(Composer.java:236) ~[snakeyaml-1.26.jar:na]
	at org.yaml.snakeyaml.composer.Composer.composeNode(Composer.java:162) ~[snakeyaml-1.26.jar:na]
	at org.yaml.snakeyaml.composer.Composer.getNode(Composer.java:95) ~[snakeyaml-1.26.jar:na]
	at org.yaml.snakeyaml.constructor.BaseConstructor.getData(BaseConstructor.java:134) ~[snakeyaml-1.26.jar:na]
	at org.yaml.snakeyaml.Yaml$1.next(Yaml.java:494) ~[snakeyaml-1.26.jar:na]
	at org.springframework.beans.factory.config.YamlProcessor.process(YamlProcessor.java:200) ~[spring-beans-5.2.11.RELEASE.jar:5.2.11.RELEASE]
	at org.springframework.beans.factory.config.YamlProcessor.process(YamlProcessor.java:164) ~[spring-beans-5.2.11.RELEASE.jar:5.2.11.RELEASE]
	at org.springframework.boot.env.OriginTrackedYamlLoader.load(OriginTrackedYamlLoader.java:82) ~[spring-boot-2.3.6.RELEASE.jar:2.3.6.RELEASE]
	at org.springframework.boot.env.YamlPropertySourceLoader.load(YamlPropertySourceLoader.java:50) ~[spring-boot-2.3.6.RELEASE.jar:2.3.6.RELEASE]
	at org.springframework.boot.context.config.ConfigFileApplicationListener$Loader.loadDocuments(ConfigFileApplicationListener.java:632) ~[spring-boot-2.3.6.RELEASE.jar:2.3.6.RELEASE]
	at org.springframework.boot.context.config.ConfigFileApplicationListener$Loader.load(ConfigFileApplicationListener.java:534) ~[spring-boot-2.3.6.RELEASE.jar:2.3.6.RELEASE]
	... 25 common frames omitted

